  Entity.cpp
C:\Users\gameuser\Documents\College Work\AI\AI-Labs\Lab1\Lab1\src\Entity.cpp(6,60): warning C4244: 'argument': conversion from 'double' to 'T', possible loss of data
          with
          [
              T=float
          ]
C:\Users\gameuser\Documents\College Work\AI\AI-Labs\Lab1\Lab1\src\Entity.cpp(6,41): warning C4244: 'argument': conversion from 'double' to 'T', possible loss of data
          with
          [
              T=float
          ]
C:\Users\gameuser\Documents\College Work\AI\AI-Labs\Lab1\Lab1\src\Entity.cpp(11,29): warning C4244: '=': conversion from 'double' to 'float', possible loss of data
C:\Users\gameuser\Documents\College Work\AI\AI-Labs\Lab1\Lab1\src\Entity.cpp(41,39): warning C4244: 'argument': conversion from 'double' to 'float', possible loss of data
  Game.cpp
C:\Users\gameuser\Documents\College Work\AI\AI-Labs\Lab1\Lab1\src\Game.cpp(4,39): warning C4244: 'argument': conversion from 'double' to 'unsigned int', possible loss of data
C:\Users\gameuser\Documents\College Work\AI\AI-Labs\Lab1\Lab1\src\Game.cpp(4,25): warning C4244: 'argument': conversion from 'double' to 'unsigned int', possible loss of data
  main.cpp
  NPC.cpp
  Player.cpp
C:\Users\gameuser\Documents\College Work\AI\AI-Labs\Lab1\Lab1\src\Player.cpp(7,1): warning C4305: 'initializing': truncation from 'double' to 'float'
  Generating Code...
  Lab1.vcxproj -> C:\Users\gameuser\Documents\College Work\AI\AI-Labs\Lab1\Debug\Lab1.exe
